<?xml version="1.0" encoding="UTF-8"?>
<testng-results ignored="0" total="2" passed="2" failed="0" skipped="0">
  <reporter-output>
  </reporter-output>
  <suite started-at="2025-08-27T01:18:22 BDT" name="Suite" finished-at="2025-08-27T01:18:34 BDT" duration-ms="11790">
    <groups>
      <group name="Master">
        <method signature="TestAccountLoginPage_TC002.verifyLogin()[pri:0, instance:TestCases.TestAccountLoginPage_TC002@2a5c8d3f]" name="verifyLogin" class="TestCases.TestAccountLoginPage_TC002"/>
        <method signature="TestAccountRegistrationPage_TC001.verifyAccountRegistration()[pri:0, instance:TestCases.TestAccountRegistrationPage_TC001@5dda768f]" name="verifyAccountRegistration" class="TestCases.TestAccountRegistrationPage_TC001"/>
      </group> <!-- Master -->
      <group name="Sanity">
        <method signature="TestAccountLoginPage_TC002.verifyLogin()[pri:0, instance:TestCases.TestAccountLoginPage_TC002@2a5c8d3f]" name="verifyLogin" class="TestCases.TestAccountLoginPage_TC002"/>
      </group> <!-- Sanity -->
      <group name="Regression">
        <method signature="TestAccountRegistrationPage_TC001.verifyAccountRegistration()[pri:0, instance:TestCases.TestAccountRegistrationPage_TC001@5dda768f]" name="verifyAccountRegistration" class="TestCases.TestAccountRegistrationPage_TC001"/>
      </group> <!-- Regression -->
    </groups>
    <test started-at="2025-08-27T01:18:22 BDT" name="Test" finished-at="2025-08-27T01:18:34 BDT" duration-ms="11790">
      <class name="TestCases.TestAccountRegistrationPage_TC001">
        <test-method is-config="true" signature="setup(java.lang.String,java.lang.String)[pri:0, instance:TestCases.TestAccountRegistrationPage_TC001@5dda768f]" started-at="2025-08-27T01:18:22 BDT" name="setup" finished-at="2025-08-27T01:18:26 BDT" duration-ms="3891" status="PASS">
          <params>
            <param index="0">
              <value>
                <![CDATA[Windows]]>
              </value>
            </param>
            <param index="1">
              <value>
                <![CDATA[chrome]]>
              </value>
            </param>
          </params>
          <reporter-output>
          </reporter-output>
        </test-method> <!-- setup -->
        <test-method signature="verifyAccountRegistration()[pri:0, instance:TestCases.TestAccountRegistrationPage_TC001@5dda768f]" started-at="2025-08-27T01:18:26 BDT" name="verifyAccountRegistration" finished-at="2025-08-27T01:18:30 BDT" duration-ms="4102" status="PASS">
          <reporter-output>
          </reporter-output>
        </test-method> <!-- verifyAccountRegistration -->
        <test-method is-config="true" signature="tearDown()[pri:0, instance:TestCases.TestAccountRegistrationPage_TC001@5dda768f]" started-at="2025-08-27T01:18:31 BDT" name="tearDown" finished-at="2025-08-27T01:18:31 BDT" duration-ms="176" status="PASS">
          <reporter-output>
          </reporter-output>
        </test-method> <!-- tearDown -->
      </class> <!-- TestCases.TestAccountRegistrationPage_TC001 -->
      <class name="TestCases.TestAccountLoginPage_TC002">
        <test-method is-config="true" signature="setup(java.lang.String,java.lang.String)[pri:0, instance:TestCases.TestAccountLoginPage_TC002@2a5c8d3f]" started-at="2025-08-27T01:18:31 BDT" name="setup" finished-at="2025-08-27T01:18:33 BDT" duration-ms="2002" status="PASS">
          <params>
            <param index="0">
              <value>
                <![CDATA[Windows]]>
              </value>
            </param>
            <param index="1">
              <value>
                <![CDATA[chrome]]>
              </value>
            </param>
          </params>
          <reporter-output>
          </reporter-output>
        </test-method> <!-- setup -->
        <test-method signature="verifyLogin()[pri:0, instance:TestCases.TestAccountLoginPage_TC002@2a5c8d3f]" started-at="2025-08-27T01:18:33 BDT" name="verifyLogin" finished-at="2025-08-27T01:18:34 BDT" duration-ms="1064" status="PASS">
          <reporter-output>
          </reporter-output>
        </test-method> <!-- verifyLogin -->
        <test-method is-config="true" signature="tearDown()[pri:0, instance:TestCases.TestAccountLoginPage_TC002@2a5c8d3f]" started-at="2025-08-27T01:18:34 BDT" name="tearDown" finished-at="2025-08-27T01:18:34 BDT" duration-ms="160" status="PASS">
          <reporter-output>
          </reporter-output>
        </test-method> <!-- tearDown -->
      </class> <!-- TestCases.TestAccountLoginPage_TC002 -->
    </test> <!-- Test -->
  </suite> <!-- Suite -->
</testng-results>
